<?xml version="1.0" encoding="UTF-8"?>
<testng-results ignored="0" total="1" passed="1" failed="0" skipped="0">
  <reporter-output>
  </reporter-output>
  <suite started-at="2023-09-27T19:31:49 IST" name="Default suite" finished-at="2023-09-27T19:33:36 IST" duration-ms="107048">
    <groups>
    </groups>
    <test started-at="2023-09-27T19:31:49 IST" name="Default test" finished-at="2023-09-27T19:33:36 IST" duration-ms="107048">
      <class name="testpkg.Testnaukri">
        <test-method is-config="true" signature="browser()[pri:0, instance:testpkg.Testnaukri@175c2241]" started-at="2023-09-27T19:31:49 IST" name="browser" finished-at="2023-09-27T19:31:51 IST" duration-ms="2265" status="PASS">
          <reporter-output>
          </reporter-output>
        </test-method> <!-- browser -->
        <test-method is-config="true" signature="urlload()[pri:0, instance:testpkg.Testnaukri@175c2241]" started-at="2023-09-27T19:31:51 IST" name="urlload" finished-at="2023-09-27T19:32:02 IST" duration-ms="11000" status="PASS">
          <reporter-output>
          </reporter-output>
        </test-method> <!-- urlload -->
        <test-method signature="setup()[pri:0, instance:testpkg.Testnaukri@175c2241]" started-at="2023-09-27T19:32:02 IST" name="setup" finished-at="2023-09-27T19:33:36 IST" duration-ms="93722" status="PASS">
          <reporter-output>
          </reporter-output>
        </test-method> <!-- setup -->
      </class> <!-- testpkg.Testnaukri -->
    </test> <!-- Default test -->
  </suite> <!-- Default suite -->
</testng-results>
